<?xml version="1.0" encoding="UTF-8"?>
<testsuite xmlns:xsi="http://www.w3.org/2001/XMLSchema-instance" xsi:noNamespaceSchemaLocation="https://maven.apache.org/surefire/maven-surefire-plugin/xsd/surefire-test-report-3.0.xsd" version="3.0" name="test2.asp.HeavyCompTest" time="2.849" tests="1" errors="0" skipped="0" failures="0">
  <properties>
    <property name="java.specification.version" value="21"/>
    <property name="sun.jnu.encoding" value="UTF-8"/>
    <property name="java.class.path" value="/home/pkiulian/git/aspectJExample/test2.asp/target/test-classes:/home/pkiulian/git/aspectJExample/test2.asp/target/classes:/home/pkiulian/.m2/repository/org/aspectj/aspectjrt/1.9.20.1/aspectjrt-1.9.20.1.jar:/home/pkiulian/.m2/repository/org/aspectj/aspectjweaver/1.9.20.1/aspectjweaver-1.9.20.1.jar:/home/pkiulian/.m2/repository/org/projectlombok/lombok/1.18.34/lombok-1.18.34.jar:/home/pkiulian/.m2/repository/org/slf4j/slf4j-api/2.0.16/slf4j-api-2.0.16.jar:/home/pkiulian/.m2/repository/ch/qos/logback/logback-classic/1.5.12/logback-classic-1.5.12.jar:/home/pkiulian/.m2/repository/ch/qos/logback/logback-core/1.5.12/logback-core-1.5.12.jar:/home/pkiulian/.m2/repository/org/junit/jupiter/junit-jupiter-engine/5.11.3/junit-jupiter-engine-5.11.3.jar:/home/pkiulian/.m2/repository/org/junit/platform/junit-platform-engine/1.11.3/junit-platform-engine-1.11.3.jar:/home/pkiulian/.m2/repository/org/opentest4j/opentest4j/1.3.0/opentest4j-1.3.0.jar:/home/pkiulian/.m2/repository/org/junit/platform/junit-platform-commons/1.11.3/junit-platform-commons-1.11.3.jar:/home/pkiulian/.m2/repository/org/junit/jupiter/junit-jupiter-api/5.11.3/junit-jupiter-api-5.11.3.jar:/home/pkiulian/.m2/repository/org/apiguardian/apiguardian-api/1.1.2/apiguardian-api-1.1.2.jar:"/>
    <property name="java.vm.vendor" value="Eclipse Adoptium"/>
    <property name="sun.arch.data.model" value="64"/>
    <property name="java.vendor.url" value="https://adoptium.net/"/>
    <property name="user.timezone" value="Europe/Berlin"/>
    <property name="os.name" value="Linux"/>
    <property name="java.vm.specification.version" value="21"/>
    <property name="sun.java.launcher" value="SUN_STANDARD"/>
    <property name="user.country" value="GB"/>
    <property name="sun.boot.library.path" value="/home/pkiulian/development/eclipse-jee-2024-09-R-linux-gtk-x86_64/eclipse/plugins/org.eclipse.justj.openjdk.hotspot.jre.full.linux.x86_64_21.0.4.v20240802-1551/jre/lib"/>
    <property name="sun.java.command" value="/home/pkiulian/git/aspectJExample/test2.asp/target/surefire/surefirebooter-20241105153222213_3.jar /home/pkiulian/git/aspectJExample/test2.asp/target/surefire 2024-11-05T15-32-22_120-jvmRun1 surefire-20241105153222213_1tmp surefire_0-20241105153222213_2tmp"/>
    <property name="jdk.debug" value="release"/>
    <property name="surefire.test.class.path" value="/home/pkiulian/git/aspectJExample/test2.asp/target/test-classes:/home/pkiulian/git/aspectJExample/test2.asp/target/classes:/home/pkiulian/.m2/repository/org/aspectj/aspectjrt/1.9.20.1/aspectjrt-1.9.20.1.jar:/home/pkiulian/.m2/repository/org/aspectj/aspectjweaver/1.9.20.1/aspectjweaver-1.9.20.1.jar:/home/pkiulian/.m2/repository/org/projectlombok/lombok/1.18.34/lombok-1.18.34.jar:/home/pkiulian/.m2/repository/org/slf4j/slf4j-api/2.0.16/slf4j-api-2.0.16.jar:/home/pkiulian/.m2/repository/ch/qos/logback/logback-classic/1.5.12/logback-classic-1.5.12.jar:/home/pkiulian/.m2/repository/ch/qos/logback/logback-core/1.5.12/logback-core-1.5.12.jar:/home/pkiulian/.m2/repository/org/junit/jupiter/junit-jupiter-engine/5.11.3/junit-jupiter-engine-5.11.3.jar:/home/pkiulian/.m2/repository/org/junit/platform/junit-platform-engine/1.11.3/junit-platform-engine-1.11.3.jar:/home/pkiulian/.m2/repository/org/opentest4j/opentest4j/1.3.0/opentest4j-1.3.0.jar:/home/pkiulian/.m2/repository/org/junit/platform/junit-platform-commons/1.11.3/junit-platform-commons-1.11.3.jar:/home/pkiulian/.m2/repository/org/junit/jupiter/junit-jupiter-api/5.11.3/junit-jupiter-api-5.11.3.jar:/home/pkiulian/.m2/repository/org/apiguardian/apiguardian-api/1.1.2/apiguardian-api-1.1.2.jar:"/>
    <property name="sun.cpu.endian" value="little"/>
    <property name="user.home" value="/home/pkiulian"/>
    <property name="user.language" value="en"/>
    <property name="java.specification.vendor" value="Oracle Corporation"/>
    <property name="java.version.date" value="2024-07-16"/>
    <property name="java.home" value="/home/pkiulian/development/eclipse-jee-2024-09-R-linux-gtk-x86_64/eclipse/plugins/org.eclipse.justj.openjdk.hotspot.jre.full.linux.x86_64_21.0.4.v20240802-1551/jre"/>
    <property name="file.separator" value="/"/>
    <property name="basedir" value="/home/pkiulian/git/aspectJExample/test2.asp"/>
    <property name="style.color" value="always"/>
    <property name="java.vm.compressedOopsMode" value="Zero based"/>
    <property name="line.separator" value="&#10;"/>
    <property name="java.vm.specification.vendor" value="Oracle Corporation"/>
    <property name="java.specification.name" value="Java Platform API Specification"/>
    <property name="surefire.real.class.path" value="/home/pkiulian/git/aspectJExample/test2.asp/target/surefire/surefirebooter-20241105153222213_3.jar"/>
    <property name="sun.management.compiler" value="HotSpot 64-Bit Tiered Compilers"/>
    <property name="java.runtime.version" value="21.0.4+7-LTS"/>
    <property name="user.name" value="pkiulian"/>
    <property name="stdout.encoding" value="UTF-8"/>
    <property name="path.separator" value=":"/>
    <property name="os.version" value="6.8.0-48-generic"/>
    <property name="java.runtime.name" value="OpenJDK Runtime Environment"/>
    <property name="file.encoding" value="UTF-8"/>
    <property name="java.vm.name" value="OpenJDK 64-Bit Server VM"/>
    <property name="java.vendor.version" value="Temurin-21.0.4+7"/>
    <property name="localRepository" value="/home/pkiulian/.m2/repository"/>
    <property name="java.vendor.url.bug" value="https://github.com/adoptium/adoptium-support/issues"/>
    <property name="java.io.tmpdir" value="/tmp"/>
    <property name="java.version" value="21.0.4"/>
    <property name="user.dir" value="/home/pkiulian/git/aspectJExample/test2.asp"/>
    <property name="os.arch" value="amd64"/>
    <property name="java.vm.specification.name" value="Java Virtual Machine Specification"/>
    <property name="native.encoding" value="UTF-8"/>
    <property name="java.library.path" value="/usr/java/packages/lib:/usr/lib64:/lib64:/lib:/usr/lib"/>
    <property name="java.vm.info" value="mixed mode"/>
    <property name="stderr.encoding" value="UTF-8"/>
    <property name="java.vendor" value="Eclipse Adoptium"/>
    <property name="java.vm.version" value="21.0.4+7-LTS"/>
    <property name="sun.io.unicode.encoding" value="UnicodeLittle"/>
    <property name="java.class.version" value="65.0"/>
  </properties>
  <testcase name="stressInsertManyItems" classname="test2.asp.HeavyCompTest" time="2.838">
    <system-out><![CDATA[15:32:22.650 [main] INFO aspectj.j.example.TraceAspect -- TraceAspect initialized
15:32:22.881 [main] INFO aspectj.j.example.TraceAspect -- Executed method: int aspectj.j.example.HeavyComp.insertManyItems(int) with args: [8226] in 229 ms
15:32:23.183 [main] INFO aspectj.j.example.TraceAspect -- Executed method: int aspectj.j.example.HeavyComp.insertManyItems(int) with args: [9664] in 288 ms
15:32:23.195 [main] INFO aspectj.j.example.TraceAspect -- Executed method: int aspectj.j.example.HeavyComp.insertManyItems(int) with args: [3510] in 11 ms
15:32:23.322 [main] INFO aspectj.j.example.TraceAspect -- Executed method: int aspectj.j.example.HeavyComp.insertManyItems(int) with args: [6889] in 127 ms
15:32:23.332 [main] INFO aspectj.j.example.TraceAspect -- Executed method: int aspectj.j.example.HeavyComp.insertManyItems(int) with args: [1756] in 10 ms
15:32:23.352 [main] INFO aspectj.j.example.TraceAspect -- Executed method: int aspectj.j.example.HeavyComp.insertManyItems(int) with args: [2532] in 20 ms
15:32:23.356 [main] INFO aspectj.j.example.TraceAspect -- Executed method: int aspectj.j.example.HeavyComp.insertManyItems(int) with args: [1025] in 4 ms
15:32:23.363 [main] INFO aspectj.j.example.TraceAspect -- Executed method: int aspectj.j.example.HeavyComp.insertManyItems(int) with args: [1527] in 7 ms
15:32:23.596 [main] INFO aspectj.j.example.TraceAspect -- Executed method: int aspectj.j.example.HeavyComp.insertManyItems(int) with args: [8422] in 233 ms
15:32:23.602 [main] INFO aspectj.j.example.TraceAspect -- Executed method: int aspectj.j.example.HeavyComp.insertManyItems(int) with args: [1395] in 6 ms
15:32:23.603 [main] INFO aspectj.j.example.TraceAspect -- Executed method: int aspectj.j.example.HeavyComp.insertManyItems(int) with args: [254] in 0 ms
15:32:23.603 [main] INFO aspectj.j.example.TraceAspect -- Executed method: int aspectj.j.example.HeavyComp.insertManyItems(int) with args: [254] in 0 ms
15:32:23.603 [main] INFO aspectj.j.example.TraceAspect -- Executed method: int aspectj.j.example.HeavyComp.insertManyItems(int) with args: [254] in 0 ms
15:32:23.827 [main] INFO aspectj.j.example.TraceAspect -- Executed method: int aspectj.j.example.HeavyComp.insertManyItems(int) with args: [8382] in 223 ms
15:32:23.850 [main] INFO aspectj.j.example.TraceAspect -- Executed method: int aspectj.j.example.HeavyComp.insertManyItems(int) with args: [2659] in 23 ms
15:32:23.864 [main] INFO aspectj.j.example.TraceAspect -- Executed method: int aspectj.j.example.HeavyComp.insertManyItems(int) with args: [2064] in 14 ms
15:32:23.955 [main] INFO aspectj.j.example.TraceAspect -- Executed method: int aspectj.j.example.HeavyComp.insertManyItems(int) with args: [5307] in 91 ms
15:32:24.026 [main] INFO aspectj.j.example.TraceAspect -- Executed method: int aspectj.j.example.HeavyComp.insertManyItems(int) with args: [4717] in 70 ms
15:32:24.229 [main] INFO aspectj.j.example.TraceAspect -- Executed method: int aspectj.j.example.HeavyComp.insertManyItems(int) with args: [8003] in 203 ms
15:32:24.266 [main] INFO aspectj.j.example.TraceAspect -- Executed method: int aspectj.j.example.HeavyComp.insertManyItems(int) with args: [3351] in 36 ms
15:32:24.462 [main] INFO aspectj.j.example.TraceAspect -- Executed method: int aspectj.j.example.HeavyComp.insertManyItems(int) with args: [7871] in 196 ms
15:32:24.607 [main] INFO aspectj.j.example.TraceAspect -- Executed method: int aspectj.j.example.HeavyComp.insertManyItems(int) with args: [6760] in 145 ms
15:32:24.733 [main] INFO aspectj.j.example.TraceAspect -- Executed method: int aspectj.j.example.HeavyComp.insertManyItems(int) with args: [6307] in 126 ms
15:32:24.756 [main] INFO aspectj.j.example.TraceAspect -- Executed method: int aspectj.j.example.HeavyComp.insertManyItems(int) with args: [2611] in 22 ms
15:32:24.758 [main] INFO aspectj.j.example.TraceAspect -- Executed method: int aspectj.j.example.HeavyComp.insertManyItems(int) with args: [875] in 2 ms
15:32:24.860 [main] INFO aspectj.j.example.TraceAspect -- Executed method: int aspectj.j.example.HeavyComp.insertManyItems(int) with args: [5624] in 102 ms
15:32:24.980 [main] INFO aspectj.j.example.TraceAspect -- Executed method: int aspectj.j.example.HeavyComp.insertManyItems(int) with args: [6102] in 120 ms
15:32:25.240 [main] INFO aspectj.j.example.TraceAspect -- Executed method: int aspectj.j.example.HeavyComp.insertManyItems(int) with args: [9027] in 260 ms
15:32:25.414 [main] INFO aspectj.j.example.TraceAspect -- Executed method: int aspectj.j.example.HeavyComp.insertManyItems(int) with args: [7388] in 174 ms
15:32:25.425 [main] INFO aspectj.j.example.TraceAspect -- Executed method: int aspectj.j.example.HeavyComp.insertManyItems(int) with args: [1797] in 10 ms
]]></system-out>
  </testcase>
</testsuite>